<?xml version='1.0' encoding='UTF-8'?>
<testsuite hostname="LAPTOP-MIGUEL" name="miniscala.test.CPSValueRepresentation_Blackbox" tests="47" errors="0" failures="0" skipped="0" time="0.811" timestamp="2025-03-12T03:17:25">
          <properties>
[...]
</properties>
          <testcase classname="miniscala.test.CPSValueRepresentation_Blackbox" name="testLibFunctions3" time="0.385">
                      
                    </testcase><testcase classname="miniscala.test.CPSValueRepresentation_Blackbox" name="testSideEffectingCondition" time="0.004">
                      
                    </testcase><testcase classname="miniscala.test.CPSValueRepresentation_Blackbox" name="testPrimitiveLogic3" time="0.007">
                      
                    </testcase><testcase classname="miniscala.test.CPSValueRepresentation_Blackbox" name="testPrimitiveLogic4" time="0.006">
                      
                    </testcase><testcase classname="miniscala.test.CPSValueRepresentation_Blackbox" name="testPrimitiveLogic5" time="0.006">
                      
                    </testcase><testcase classname="miniscala.test.CPSValueRepresentation_Blackbox" name="testPrimitiveLogic6" time="0.005">
                      
                    </testcase><testcase classname="miniscala.test.CPSValueRepresentation_Blackbox" name="testPrimitiveLogic7" time="0.004">
                      
                    </testcase><testcase classname="miniscala.test.CPSValueRepresentation_Blackbox" name="testPrimitiveLogic8" time="0.003">
                      
                    </testcase><testcase classname="miniscala.test.CPSValueRepresentation_Blackbox" name="testPrimitiveLogic9" time="0.005">
                      
                    </testcase><testcase classname="miniscala.test.CPSValueRepresentation_Blackbox" name="testConditional1" time="0.002">
                      
                    </testcase><testcase classname="miniscala.test.CPSValueRepresentation_Blackbox" name="testConditional2" time="0.002">
                      
                    </testcase><testcase classname="miniscala.test.CPSValueRepresentation_Blackbox" name="testConditional4" time="0.002">
                      
                    </testcase><testcase classname="miniscala.test.CPSValueRepresentation_Blackbox" name="testLibStrings1" time="0.074">
                      
                    </testcase><testcase classname="miniscala.test.CPSValueRepresentation_Blackbox" name="testLibStrings2" time="0.052">
                      
                    </testcase><testcase classname="miniscala.test.CPSValueRepresentation_Blackbox" name="testLibStrings3" time="0.065">
                      
                    </testcase><testcase classname="miniscala.test.CPSValueRepresentation_Blackbox" name="testLibLists1" time="0.046">
                      
                    </testcase><testcase classname="miniscala.test.CPSValueRepresentation_Blackbox" name="testLibLists2" time="0.048">
                      
                    </testcase><testcase classname="miniscala.test.CPSValueRepresentation_Blackbox" name="testPrimitiveArithmetic1" time="0.001">
                      
                    </testcase><testcase classname="miniscala.test.CPSValueRepresentation_Blackbox" name="testPrimitiveArithmetic2" time="0.001">
                      
                    </testcase><testcase classname="miniscala.test.CPSValueRepresentation_Blackbox" name="testPrimitiveArithmetic3" time="0.001">
                      
                    </testcase><testcase classname="miniscala.test.CPSValueRepresentation_Blackbox" name="testPrimitiveArithmetic4" time="0.001">
                      
                    </testcase><testcase classname="miniscala.test.CPSValueRepresentation_Blackbox" name="testPrimitiveArithmetic5" time="0.002">
                      
                    </testcase><testcase classname="miniscala.test.CPSValueRepresentation_Blackbox" name="testPrimitiveArithmetic6" time="0.001">
                      
                    </testcase><testcase classname="miniscala.test.CPSValueRepresentation_Blackbox" name="testPrimitiveArithmetic7" time="0.001">
                      
                    </testcase><testcase classname="miniscala.test.CPSValueRepresentation_Blackbox" name="testPrimitiveArithmetic8" time="0.001">
                      
                    </testcase><testcase classname="miniscala.test.CPSValueRepresentation_Blackbox" name="testPrimitiveArithmetic9" time="0.0">
                      
                    </testcase><testcase classname="miniscala.test.CPSValueRepresentation_Blackbox" name="testPrimitiveArithmetic10" time="0.001">
                      
                    </testcase><testcase classname="miniscala.test.CPSValueRepresentation_Blackbox" name="testPrimitiveBlocks1" time="0.003">
                      
                    </testcase><testcase classname="miniscala.test.CPSValueRepresentation_Blackbox" name="testPrimitiveBlocks2" time="0.002">
                      
                    </testcase><testcase classname="miniscala.test.CPSValueRepresentation_Blackbox" name="testPrimitiveBlocks3" time="0.002">
                      
                    </testcase><testcase classname="miniscala.test.CPSValueRepresentation_Blackbox" name="testPrimitiveBlocks4" time="0.002">
                      
                    </testcase><testcase classname="miniscala.test.CPSValueRepresentation_Blackbox" name="testPrimitiveBlocks5" time="0.002">
                      
                    </testcase><testcase classname="miniscala.test.CPSValueRepresentation_Blackbox" name="testPrimitiveBlocks7" time="0.003">
                      
                    </testcase><testcase classname="miniscala.test.CPSValueRepresentation_Blackbox" name="testPrimitiveLogic10" time="0.003">
                      
                    </testcase><testcase classname="miniscala.test.CPSValueRepresentation_Blackbox" name="testPrimitiveLogic11" time="0.002">
                      
                    </testcase><testcase classname="miniscala.test.CPSValueRepresentation_Blackbox" name="testPrimitiveLogic12" time="0.002">
                      
                    </testcase><testcase classname="miniscala.test.CPSValueRepresentation_Blackbox" name="testPrimitiveLogic13" time="0.002">
                      
                    </testcase><testcase classname="miniscala.test.CPSValueRepresentation_Blackbox" name="testPrimitiveLogic14" time="0.003">
                      
                    </testcase><testcase classname="miniscala.test.CPSValueRepresentation_Blackbox" name="testPrimitiveLogic15" time="0.006">
                      
                    </testcase><testcase classname="miniscala.test.CPSValueRepresentation_Blackbox" name="testPrimitiveLogic16" time="0.002">
                      
                    </testcase><testcase classname="miniscala.test.CPSValueRepresentation_Blackbox" name="testPrimitiveLogic17" time="0.002">
                      
                    </testcase><testcase classname="miniscala.test.CPSValueRepresentation_Blackbox" name="testPrimitiveLogic18" time="0.003">
                      
                    </testcase><testcase classname="miniscala.test.CPSValueRepresentation_Blackbox" name="testPrimitiveLogic19" time="0.003">
                      
                    </testcase><testcase classname="miniscala.test.CPSValueRepresentation_Blackbox" name="testPrimitiveLogic22" time="0.002">
                      
                    </testcase><testcase classname="miniscala.test.CPSValueRepresentation_Blackbox" name="testPrimitiveLog20" time="0.003">
                      
                    </testcase><testcase classname="miniscala.test.CPSValueRepresentation_Blackbox" name="testPrimitiveLog21" time="0.003">
                      
                    </testcase><testcase classname="miniscala.test.CPSValueRepresentation_Blackbox" name="testAppOrder" time="0.035">
                      
                    </testcase>
          <system-out><![CDATA[]]></system-out>
          <system-err><![CDATA[]]></system-err>
        </testsuite>