<?xml version='1.0' encoding='UTF-8'?>
<testsuite hostname="LAPTOP-MIGUEL" name="miniscala.test.CPSValueRepresentation_Whitebox" tests="11" errors="0" failures="0" skipped="0" time="0.33" timestamp="2025-03-12T03:17:24">
          <properties>
[...]
</properties>
          <testcase classname="miniscala.test.CPSValueRepresentation_Whitebox" name="testValueReprOr" time="0.248">
                      
                    </testcase><testcase classname="miniscala.test.CPSValueRepresentation_Whitebox" name="testValueRprThreeTimesFour" time="0.013">
                      
                    </testcase><testcase classname="miniscala.test.CPSValueRepresentation_Whitebox" name="testValueReprAnd" time="0.007">
                      
                    </testcase><testcase classname="miniscala.test.CPSValueRepresentation_Whitebox" name="testValueReprXor" time="0.006">
                      
                    </testcase><testcase classname="miniscala.test.CPSValueRepresentation_Whitebox" name="testValueRprFourDivTwo" time="0.008">
                      
                    </testcase><testcase classname="miniscala.test.CPSValueRepresentation_Whitebox" name="testValueRprFourModTwo" time="0.007">
                      
                    </testcase><testcase classname="miniscala.test.CPSValueRepresentation_Whitebox" name="testValueReprOnePlusTwo" time="0.005">
                      
                    </testcase><testcase classname="miniscala.test.CPSValueRepresentation_Whitebox" name="testValueReprSixMinusThree" time="0.013">
                      
                    </testcase><testcase classname="miniscala.test.CPSValueRepresentation_Whitebox" name="testValueReprShiftLeft" time="0.006">
                      
                    </testcase><testcase classname="miniscala.test.CPSValueRepresentation_Whitebox" name="testValueReprCharToInt" time="0.01">
                      
                    </testcase><testcase classname="miniscala.test.CPSValueRepresentation_Whitebox" name="testValueReprShiftRight" time="0.007">
                      
                    </testcase>
          <system-out><![CDATA[]]></system-out>
          <system-err><![CDATA[]]></system-err>
        </testsuite>